<?xml version="1.0" encoding="UTF-8"?>
<!-- Generated by org.testng.reporters.JUnitReportReporter -->
<testsuite hostname="DESKTOP-TO3I81V" failures="0" tests="6" name="cucumberRunnner.TestNgTestRunner" time="0.287" errors="0" timestamp="2022-03-10T12:08:27 IST" skipped="0">
  <testcase classname="cucumberRunnner.TestNgTestRunner" name="runScenario" time="0.016"/>
  <system-out/>
  <testcase classname="cucumberRunnner.TestNgTestRunner" name="runScenario" time="0.019"/>
  <system-out/>
  <testcase classname="cucumberRunnner.TestNgTestRunner" name="runScenario" time="0.017"/>
  <system-out/>
  <testcase classname="cucumberRunnner.TestNgTestRunner" name="runScenario" time="0.015"/>
  <system-out/>
  <testcase classname="cucumberRunnner.TestNgTestRunner" name="runScenario" time="0.018"/>
  <system-out/>
  <testcase classname="cucumberRunnner.TestNgTestRunner" name="runScenario" time="0.202"/>
  <system-out/>
</testsuite> <!-- cucumberRunnner.TestNgTestRunner -->
